<?xml version="1.0" encoding="UTF-8"?>
<testng-results skipped="0" failed="0" ignored="0" total="3" passed="3">
  <reporter-output>
  </reporter-output>
  <suite name="Command line suite" duration-ms="12491" started-at="2017-09-20T22:42:10Z" finished-at="2017-09-20T22:42:22Z">
    <groups>
    </groups>
    <test name="Command line test" duration-ms="12491" started-at="2017-09-20T22:42:10Z" finished-at="2017-09-20T22:42:22Z">
      <class name="test.testsuite.TestGuru99MultipleSessions">
        <test-method status="PASS" signature="executSessionOne()[pri:0, instance:test.testsuite.TestGuru99MultipleSessions@7921b0a2]" name="executSessionOne" duration-ms="4618" started-at="2017-09-20T18:42:10Z" finished-at="2017-09-20T18:42:14Z">
          <reporter-output>
          </reporter-output>
        </test-method> <!-- executSessionOne -->
        <test-method status="PASS" signature="executSessionThree()[pri:0, instance:test.testsuite.TestGuru99MultipleSessions@7921b0a2]" name="executSessionThree" duration-ms="4849" started-at="2017-09-20T18:42:14Z" finished-at="2017-09-20T18:42:19Z">
          <reporter-output>
          </reporter-output>
        </test-method> <!-- executSessionThree -->
        <test-method status="PASS" signature="executeSessionTwo()[pri:0, instance:test.testsuite.TestGuru99MultipleSessions@7921b0a2]" name="executeSessionTwo" duration-ms="3020" started-at="2017-09-20T18:42:19Z" finished-at="2017-09-20T18:42:22Z">
          <reporter-output>
          </reporter-output>
        </test-method> <!-- executeSessionTwo -->
      </class> <!-- test.testsuite.TestGuru99MultipleSessions -->
    </test> <!-- Command line test -->
  </suite> <!-- Command line suite -->
</testng-results>
