<?xml version="1.0" encoding="UTF-8"?>
<!-- Generated by org.testng.reporters.JUnitXMLReporter -->
<testsuite hostname="LAPTOP-GGAS7HNH" ignored="0" name="Command line test" tests="3" failures="0" timestamp="05 Oct 2017 20:04:59 GMT" time="17.637" errors="0">
  <testcase name="executSessionOne" time="3.647" classname="test.testsuite.TestGuru99MultipleSessions"/>
  <testcase name="executSessionThree" time="11.342" classname="test.testsuite.TestGuru99MultipleSessions"/>
  <testcase name="executeSessionTwo" time="2.621" classname="test.testsuite.TestGuru99MultipleSessions"/>
</testsuite> <!-- Command line test -->
