<?xml version="1.0" encoding="UTF-8"?>
<!-- Generated by org.testng.reporters.JUnitXMLReporter -->
<testsuite hostname="LAPTOP-GGAS7HNH" ignored="0" name="Command line test" tests="3" failures="0" timestamp="20 Sep 2017 22:42:22 GMT" time="12.491" errors="0">
  <testcase name="executSessionOne" time="4.618" classname="test.testsuite.TestGuru99MultipleSessions"/>
  <testcase name="executSessionThree" time="4.849" classname="test.testsuite.TestGuru99MultipleSessions"/>
  <testcase name="executeSessionTwo" time="3.02" classname="test.testsuite.TestGuru99MultipleSessions"/>
</testsuite> <!-- Command line test -->
