<?xml version="1.0" encoding="UTF-8"?>
<!-- Generated by org.testng.reporters.JUnitXMLReporter -->
<testsuite hostname="LAPTOP-GGAS7HNH" ignored="0" name="Smoke Testcases" tests="4" failures="0" timestamp="05 Oct 2017 20:31:20 GMT" time="18.476" errors="0">
  <testcase name="executSessionOne" time="2.576" classname="test.testsuite.TestGuru99MultipleSessions"/>
  <testcase name="executSessionThree" time="4.677" classname="test.testsuite.TestGuru99MultipleSessions"/>
  <testcase name="executeSessionTwo" time="2.841" classname="test.testsuite.TestGuru99MultipleSessions"/>
  <testcase name="Testcase1" time="18.451" classname="test.testsuite.NewTest1"/>
</testsuite> <!-- Smoke Testcases -->
