<?xml version="1.0" encoding="UTF-8"?>
<!-- Generated by org.testng.reporters.JUnitXMLReporter -->
<testsuite hostname="LAPTOP-GGAS7HNH" ignored="0" name="Smoke Testcases" tests="4" failures="0" timestamp="14 Sep 2017 14:58:37 GMT" time="15.596" errors="0">
  <testcase name="executSessionOne" time="2.603" classname="test.testsuite.TestGuru99MultipleSessions"/>
  <testcase name="executSessionThree" time="4.434" classname="test.testsuite.TestGuru99MultipleSessions"/>
  <testcase name="executeSessionTwo" time="3.084" classname="test.testsuite.TestGuru99MultipleSessions"/>
  <testcase name="Testcase1" time="15.577" classname="test.testsuite.NewTest1"/>
</testsuite> <!-- Smoke Testcases -->
