<?xml version="1.0" encoding="UTF-8"?>
<testng-results skipped="0" failed="0" ignored="0" total="4" passed="4">
  <reporter-output>
  </reporter-output>
  <suite name="AutomationSuite" duration-ms="18476" started-at="2017-10-05T20:31:02Z" finished-at="2017-10-05T20:31:20Z">
    <groups>
    </groups>
    <test name="Smoke Testcases" duration-ms="18476" started-at="2017-10-05T20:31:02Z" finished-at="2017-10-05T20:31:20Z">
      <class name="test.testsuite.TestGuru99MultipleSessions">
        <test-method status="PASS" signature="executSessionOne()[pri:0, instance:test.testsuite.TestGuru99MultipleSessions@59ec2012]" name="executSessionOne" duration-ms="2576" started-at="2017-10-05T16:31:02Z" finished-at="2017-10-05T16:31:04Z">
          <reporter-output>
          </reporter-output>
        </test-method> <!-- executSessionOne -->
        <test-method status="PASS" signature="executSessionThree()[pri:0, instance:test.testsuite.TestGuru99MultipleSessions@59ec2012]" name="executSessionThree" duration-ms="4677" started-at="2017-10-05T16:31:04Z" finished-at="2017-10-05T16:31:09Z">
          <reporter-output>
          </reporter-output>
        </test-method> <!-- executSessionThree -->
        <test-method status="PASS" signature="executeSessionTwo()[pri:0, instance:test.testsuite.TestGuru99MultipleSessions@59ec2012]" name="executeSessionTwo" duration-ms="2841" started-at="2017-10-05T16:31:09Z" finished-at="2017-10-05T16:31:12Z">
          <reporter-output>
          </reporter-output>
        </test-method> <!-- executeSessionTwo -->
      </class> <!-- test.testsuite.TestGuru99MultipleSessions -->
      <class name="test.testsuite.NewTest1">
        <test-method status="PASS" signature="beforeSuite()[pri:0, instance:test.testsuite.NewTest1@402a079c]" name="beforeSuite" is-config="true" duration-ms="4403" started-at="2017-10-05T16:30:57Z" finished-at="2017-10-05T16:31:02Z">
          <reporter-output>
          </reporter-output>
        </test-method> <!-- beforeSuite -->
        <test-method status="PASS" signature="beforeTest()[pri:0, instance:test.testsuite.NewTest1@402a079c]" name="beforeTest" is-config="true" duration-ms="0" started-at="2017-10-05T16:31:02Z" finished-at="2017-10-05T16:31:02Z">
          <reporter-output>
          </reporter-output>
        </test-method> <!-- beforeTest -->
        <test-method status="PASS" signature="beforeMethod()[pri:0, instance:test.testsuite.NewTest1@402a079c]" name="beforeMethod" is-config="true" duration-ms="0" started-at="2017-10-05T16:31:02Z" finished-at="2017-10-05T16:31:02Z">
          <reporter-output>
          </reporter-output>
        </test-method> <!-- beforeMethod -->
        <test-method status="PASS" signature="Testcase1()[pri:0, instance:test.testsuite.NewTest1@402a079c]" name="Testcase1" duration-ms="18451" started-at="2017-10-05T16:31:02Z" finished-at="2017-10-05T16:31:20Z">
          <reporter-output>
          </reporter-output>
        </test-method> <!-- Testcase1 -->
        <test-method status="PASS" signature="afterMethod()[pri:0, instance:test.testsuite.NewTest1@402a079c]" name="afterMethod" is-config="true" duration-ms="0" started-at="2017-10-05T16:31:20Z" finished-at="2017-10-05T16:31:20Z">
          <reporter-output>
          </reporter-output>
        </test-method> <!-- afterMethod -->
        <test-method status="PASS" signature="afterTest()[pri:0, instance:test.testsuite.NewTest1@402a079c]" name="afterTest" is-config="true" duration-ms="0" started-at="2017-10-05T16:31:20Z" finished-at="2017-10-05T16:31:20Z">
          <reporter-output>
          </reporter-output>
        </test-method> <!-- afterTest -->
        <test-method status="PASS" signature="afterSuite()[pri:0, instance:test.testsuite.NewTest1@402a079c]" name="afterSuite" is-config="true" duration-ms="407" started-at="2017-10-05T16:31:20Z" finished-at="2017-10-05T16:31:21Z">
          <reporter-output>
          </reporter-output>
        </test-method> <!-- afterSuite -->
      </class> <!-- test.testsuite.NewTest1 -->
    </test> <!-- Smoke Testcases -->
  </suite> <!-- AutomationSuite -->
</testng-results>
