<?xml version="1.0" encoding="UTF-8"?>
<testng-results skipped="0" failed="0" ignored="0" total="4" passed="4">
  <reporter-output>
  </reporter-output>
  <suite name="AutomationSuite" duration-ms="15596" started-at="2017-09-14T14:58:21Z" finished-at="2017-09-14T14:58:37Z">
    <groups>
    </groups>
    <test name="Smoke Testcases" duration-ms="15596" started-at="2017-09-14T14:58:21Z" finished-at="2017-09-14T14:58:37Z">
      <class name="test.testsuite.TestGuru99MultipleSessions">
        <test-method status="PASS" signature="executSessionOne()[pri:0, instance:test.testsuite.TestGuru99MultipleSessions@57baeedf]" name="executSessionOne" duration-ms="2603" started-at="2017-09-14T10:58:21Z" finished-at="2017-09-14T10:58:24Z">
          <reporter-output>
          </reporter-output>
        </test-method> <!-- executSessionOne -->
        <test-method status="PASS" signature="executSessionThree()[pri:0, instance:test.testsuite.TestGuru99MultipleSessions@57baeedf]" name="executSessionThree" duration-ms="4434" started-at="2017-09-14T10:58:24Z" finished-at="2017-09-14T10:58:28Z">
          <reporter-output>
          </reporter-output>
        </test-method> <!-- executSessionThree -->
        <test-method status="PASS" signature="executeSessionTwo()[pri:0, instance:test.testsuite.TestGuru99MultipleSessions@57baeedf]" name="executeSessionTwo" duration-ms="3084" started-at="2017-09-14T10:58:28Z" finished-at="2017-09-14T10:58:31Z">
          <reporter-output>
          </reporter-output>
        </test-method> <!-- executeSessionTwo -->
      </class> <!-- test.testsuite.TestGuru99MultipleSessions -->
      <class name="test.testsuite.NewTest1">
        <test-method status="PASS" signature="beforeSuite()[pri:0, instance:test.testsuite.NewTest1@42e26948]" name="beforeSuite" is-config="true" duration-ms="4695" started-at="2017-09-14T10:58:17Z" finished-at="2017-09-14T10:58:21Z">
          <reporter-output>
          </reporter-output>
        </test-method> <!-- beforeSuite -->
        <test-method status="PASS" signature="beforeTest()[pri:0, instance:test.testsuite.NewTest1@42e26948]" name="beforeTest" is-config="true" duration-ms="0" started-at="2017-09-14T10:58:21Z" finished-at="2017-09-14T10:58:21Z">
          <reporter-output>
          </reporter-output>
        </test-method> <!-- beforeTest -->
        <test-method status="PASS" signature="Testcase1()[pri:0, instance:test.testsuite.NewTest1@42e26948]" name="Testcase1" duration-ms="15577" started-at="2017-09-14T10:58:21Z" finished-at="2017-09-14T10:58:37Z">
          <reporter-output>
          </reporter-output>
        </test-method> <!-- Testcase1 -->
        <test-method status="PASS" signature="beforeMethod()[pri:0, instance:test.testsuite.NewTest1@42e26948]" name="beforeMethod" is-config="true" duration-ms="0" started-at="2017-09-14T10:58:21Z" finished-at="2017-09-14T10:58:21Z">
          <reporter-output>
          </reporter-output>
        </test-method> <!-- beforeMethod -->
        <test-method status="PASS" signature="afterMethod()[pri:0, instance:test.testsuite.NewTest1@42e26948]" name="afterMethod" is-config="true" duration-ms="0" started-at="2017-09-14T10:58:37Z" finished-at="2017-09-14T10:58:37Z">
          <reporter-output>
          </reporter-output>
        </test-method> <!-- afterMethod -->
        <test-method status="PASS" signature="afterTest()[pri:0, instance:test.testsuite.NewTest1@42e26948]" name="afterTest" is-config="true" duration-ms="0" started-at="2017-09-14T10:58:37Z" finished-at="2017-09-14T10:58:37Z">
          <reporter-output>
          </reporter-output>
        </test-method> <!-- afterTest -->
        <test-method status="PASS" signature="afterSuite()[pri:0, instance:test.testsuite.NewTest1@42e26948]" name="afterSuite" is-config="true" duration-ms="2314" started-at="2017-09-14T10:58:37Z" finished-at="2017-09-14T10:58:39Z">
          <reporter-output>
          </reporter-output>
        </test-method> <!-- afterSuite -->
      </class> <!-- test.testsuite.NewTest1 -->
    </test> <!-- Smoke Testcases -->
  </suite> <!-- AutomationSuite -->
</testng-results>
