<?xml version="1.0" encoding="UTF-8"?>
<!-- Generated by org.testng.reporters.JUnitXMLReporter -->
<testsuite hostname="LAPTOP-GGAS7HNH" ignored="0" name="Default test" tests="3" failures="0" timestamp="14 Sep 2017 14:37:59 GMT" time="9.712" errors="0">
  <testcase name="executSessionOne" time="3.121" classname="test.testsuite.TestGuru99MultipleSessions"/>
  <testcase name="executSessionThree" time="4.169" classname="test.testsuite.TestGuru99MultipleSessions"/>
  <testcase name="executeSessionTwo" time="2.4" classname="test.testsuite.TestGuru99MultipleSessions"/>
</testsuite> <!-- Default test -->
